{"name": "test_valid_login", "status": "broken", "statusDetails": {"message": "selenium.common.exceptions.TimeoutException: Message: \nStacktrace:\n\tGetHandleVerifier [0x006974A3+25091]\n\t(No symbol) [0x0061DC04]\n\t(No symbol) [0x004FB373]\n\t(No symbol) [0x0053F4DC]\n\t(No symbol) [0x0053F65B]\n\t(No symbol) [0x0057D8E2]\n\t(No symbol) [0x00561F54]\n\t(No symbol) [0x0057B49E]\n\t(No symbol) [0x00561CA6]\n\t(No symbol) [0x005331D5]\n\t(No symbol) [0x0053435D]\n\tGetHandleVerifier [0x009907C3+3142947]\n\tGetHandleVerifier [0x009A1A2B+3213195]\n\tGetHandleVerifier [0x0099C412+3191154]\n\tGetHandleVerifier [0x00738720+685184]\n\t(No symbol) [0x00626E1D]\n\t(No symbol) [0x00623E18]\n\t(No symbol) [0x00623FB6]\n\t(No symbol) [0x006166F0]\n\tBaseThreadInitThunk [0x75985D49+25]\n\tRtlInitializeExceptionChain [0x778AD6DB+107]\n\tRtlGetAppContainerNamedObjectPath [0x778AD661+561]", "trace": "@allure.feature(\"Login\")\n    def test_valid_login():\n        driver = DriverFactory.create_driver()\n        driver.get(\"https://wmxrwq14uc.execute-api.us-east-1.amazonaws.com/Prod/Account/Login\")\n        with allure.step(\"Open login page\"):\n            login = LoginPage(driver)\n            login.login(USER, PASSWORD)\n    \n        with allure.step(\"Add Employee no deps\"):\n            dashboard= DashboardPage(driver)\n>           dashboard.add_employe(\"Natahsa\",\"Romanoff\",\"0\")\n\ntests\\ui\\TC-01_Add_Employee_No_Deps.py:23: \n_ _ _ _ _ _ _ _ _ _ _ _ _ _ _ _ _ _ _ _ _ _ _ _ _ _ _ _ _ _ _ _ _ _ _ _ _ _ _ _ _ _ _ _ _ _ _ _ _ _ _ _ _ _ _ _ _ _ _ _ _ _ _ _ _ _ _ _ _ _ _ _ _ _ _ _ _ _ _ _ _ _ _ _ _ _ _ _ _ _ _ _ _ _ _ _ _ _ _ _ _ _ _ _ \nsrc\\pages\\dashboard_page.py:45: in add_employe\n    self.click(self.ADD_EMPLOYEE_BTN)\nsrc\\core\\base_page.py:11: in click\n    self.wait.until(EC.element_to_be_clickable(locator)).click()\n_ _ _ _ _ _ _ _ _ _ _ _ _ _ _ _ _ _ _ _ _ _ _ _ _ _ _ _ _ _ _ _ _ _ _ _ _ _ _ _ _ _ _ _ _ _ _ _ _ _ _ _ _ _ _ _ _ _ _ _ _ _ _ _ _ _ _ _ _ _ _ _ _ _ _ _ _ _ _ _ _ _ _ _ _ _ _ _ _ _ _ _ _ _ _ _ _ _ _ _ _ _ _ _ \n\nself = <selenium.webdriver.support.wait.WebDriverWait (session=\"0930335688237541333f6a129b055699\")>, method = <function element_to_be_clickable.<locals>._predicate at 0x000001F17A1D6700>, message = ''\n\n    def until(self, method: Callable[[D], Literal[False] | T], message: str = \"\") -> T:\n        \"\"\"Wait until the method returns a value that is not False.\n    \n        Calls the method provided with the driver as an argument until the\n        return value does not evaluate to ``False``.\n    \n        Args:\n            method: A callable object that takes a WebDriver instance as an\n                argument.\n            message: Optional message for TimeoutException.\n    \n        Returns:\n            The result of the last call to `method`.\n    \n        Raises:\n            TimeoutException: If 'method' does not return a truthy value within\n                the WebDriverWait object's timeout.\n    \n        Example:\n            >>> from selenium.webdriver.common.by import By\n            >>> from selenium.webdriver.support.ui import WebDriverWait\n            >>> from selenium.webdriver.support import expected_conditions as EC\n            >>>\n            >>> # Wait until an element is visible on the page\n            >>> wait = WebDriverWait(driver, 10)\n            >>> element = wait.until(EC.visibility_of_element_located((By.ID, \"exampleId\")))\n            >>> print(element.text)\n        \"\"\"\n        screen = None\n        stacktrace = None\n    \n        end_time = time.monotonic() + self._timeout\n        while True:\n            try:\n                value = method(self._driver)\n                if value:\n                    return value\n            except self._ignored_exceptions as exc:\n                screen = getattr(exc, \"screen\", None)\n                stacktrace = getattr(exc, \"stacktrace\", None)\n            if time.monotonic() > end_time:\n                break\n            time.sleep(self._poll)\n>       raise TimeoutException(message, screen, stacktrace)\nE       selenium.common.exceptions.TimeoutException: Message: \nE       Stacktrace:\nE       \tGetHandleVerifier [0x006974A3+25091]\nE       \t(No symbol) [0x0061DC04]\nE       \t(No symbol) [0x004FB373]\nE       \t(No symbol) [0x0053F4DC]\nE       \t(No symbol) [0x0053F65B]\nE       \t(No symbol) [0x0057D8E2]\nE       \t(No symbol) [0x00561F54]\nE       \t(No symbol) [0x0057B49E]\nE       \t(No symbol) [0x00561CA6]\nE       \t(No symbol) [0x005331D5]\nE       \t(No symbol) [0x0053435D]\nE       \tGetHandleVerifier [0x009907C3+3142947]\nE       \tGetHandleVerifier [0x009A1A2B+3213195]\nE       \tGetHandleVerifier [0x0099C412+3191154]\nE       \tGetHandleVerifier [0x00738720+685184]\nE       \t(No symbol) [0x00626E1D]\nE       \t(No symbol) [0x00623E18]\nE       \t(No symbol) [0x00623FB6]\nE       \t(No symbol) [0x006166F0]\nE       \tBaseThreadInitThunk [0x75985D49+25]\nE       \tRtlInitializeExceptionChain [0x778AD6DB+107]\nE       \tRtlGetAppContainerNamedObjectPath [0x778AD661+561]\n\nvenv\\Lib\\site-packages\\selenium\\webdriver\\support\\wait.py:122: TimeoutException"}, "steps": [{"name": "Open login page", "status": "passed", "start": 1765744694867, "stop": 1765744696907}, {"name": "Add Employee no deps", "status": "broken", "statusDetails": {"message": "selenium.common.exceptions.TimeoutException: Message: \nStacktrace:\n\tGetHandleVerifier [0x006974A3+25091]\n\t(No symbol) [0x0061DC04]\n\t(No symbol) [0x004FB373]\n\t(No symbol) [0x0053F4DC]\n\t(No symbol) [0x0053F65B]\n\t(No symbol) [0x0057D8E2]\n\t(No symbol) [0x00561F54]\n\t(No symbol) [0x0057B49E]\n\t(No symbol) [0x00561CA6]\n\t(No symbol) [0x005331D5]\n\t(No symbol) [0x0053435D]\n\tGetHandleVerifier [0x009907C3+3142947]\n\tGetHandleVerifier [0x009A1A2B+3213195]\n\tGetHandleVerifier [0x0099C412+3191154]\n\tGetHandleVerifier [0x00738720+685184]\n\t(No symbol) [0x00626E1D]\n\t(No symbol) [0x00623E18]\n\t(No symbol) [0x00623FB6]\n\t(No symbol) [0x006166F0]\n\tBaseThreadInitThunk [0x75985D49+25]\n\tRtlInitializeExceptionChain [0x778AD6DB+107]\n\tRtlGetAppContainerNamedObjectPath [0x778AD661+561]\n\n", "trace": "  File \"C:\\Users\\Isaac\\Documents\\Projects\\Velocity\\velocity-automation-framework\\tests\\ui\\TC-01_Add_Employee_No_Deps.py\", line 23, in test_valid_login\n    dashboard.add_employe(\"Natahsa\",\"Romanoff\",\"0\")\n    ~~~~~~~~~~~~~~~~~~~~~^^^^^^^^^^^^^^^^^^^^^^^^^^\n  File \"C:\\Users\\Isaac\\Documents\\Projects\\Velocity\\velocity-automation-framework\\src\\pages\\dashboard_page.py\", line 45, in add_employe\n    self.click(self.ADD_EMPLOYEE_BTN)\n    ~~~~~~~~~~^^^^^^^^^^^^^^^^^^^^^^^\n  File \"C:\\Users\\Isaac\\Documents\\Projects\\Velocity\\velocity-automation-framework\\src\\core\\base_page.py\", line 11, in click\n    self.wait.until(EC.element_to_be_clickable(locator)).click()\n    ~~~~~~~~~~~~~~~^^^^^^^^^^^^^^^^^^^^^^^^^^^^^^^^^^^^^\n  File \"C:\\Users\\Isaac\\Documents\\Projects\\Velocity\\velocity-automation-framework\\venv\\Lib\\site-packages\\selenium\\webdriver\\support\\wait.py\", line 122, in until\n    raise TimeoutException(message, screen, stacktrace)\n"}, "start": 1765744696907, "stop": 1765744707025}], "attachments": [{"name": "log", "source": "427cc72c-5ca1-40d0-b7c7-9a4bfcddd5f0-attachment.txt", "type": "text/plain"}], "start": 1765744689961, "stop": 1765744707027, "uuid": "09b586a1-f3a7-453e-9569-27324f004ce9", "historyId": "6125daf0260adacb7660077be18e5dc0", "testCaseId": "6125daf0260adacb7660077be18e5dc0", "fullName": "tests.ui.TC-01_Add_Employee_No_Deps#test_valid_login", "labels": [{"name": "feature", "value": "Login"}, {"name": "parentSuite", "value": "tests.ui"}, {"name": "suite", "value": "TC-01_Add_Employee_No_Deps"}, {"name": "host", "value": "DESKTOP-ALHT7N6"}, {"name": "thread", "value": "35376-MainThread"}, {"name": "framework", "value": "pytest"}, {"name": "language", "value": "cpython3"}, {"name": "package", "value": "tests.ui.TC-01_Add_Employee_No_Deps"}]}